<?xml version="1.0" encoding="UTF-8"?>
<testng-results ignored="0" total="4" passed="4" failed="0" skipped="0">
  <reporter-output>
  </reporter-output>
  <suite started-at="2023-09-13T11:17:56 IST" name="Default suite" finished-at="2023-09-13T11:19:12 IST" duration-ms="76456">
    <groups>
      <group name="cucumber">
        <method signature="AbstractTestNGCucumberTests.runScenario(io.cucumber.testng.PickleWrapper,io.cucumber.testng.FeatureWrapper)[pri:0, instance:execution.AmazonTestRunnerClass@7c37508a]" name="runScenario" class="io.cucumber.testng.AbstractTestNGCucumberTests"/>
      </group> <!-- cucumber -->
    </groups>
    <test started-at="2023-09-13T11:17:56 IST" name="Default test" finished-at="2023-09-13T11:19:12 IST" duration-ms="76456">
      <class name="execution.AmazonTestRunnerClass">
        <test-method is-config="true" signature="setUpClass(org.testng.ITestContext)[pri:0, instance:execution.AmazonTestRunnerClass@7c37508a]" started-at="2023-09-13T11:17:56 IST" name="setUpClass" finished-at="2023-09-13T11:17:58 IST" duration-ms="2294" status="PASS">
          <params>
            <param index="0">
              <value>
                <![CDATA[org.testng.TestRunner@5f395ce1]]>
              </value>
            </param>
          </params>
          <reporter-output>
          </reporter-output>
        </test-method> <!-- setUpClass -->
        <test-method signature="runScenario(io.cucumber.testng.PickleWrapper,io.cucumber.testng.FeatureWrapper)[pri:0, instance:execution.AmazonTestRunnerClass@7c37508a]" started-at="2023-09-13T11:17:58 IST" name="runScenario" description="Runs Cucumber Scenarios" data-provider="scenarios" finished-at="2023-09-13T11:18:18 IST" duration-ms="19727" status="PASS">
          <params>
            <param index="0">
              <value>
                <![CDATA["verify title of page"]]>
              </value>
            </param>
            <param index="1">
              <value>
                <![CDATA["Home page functionality"]]>
              </value>
            </param>
          </params>
          <reporter-output>
          </reporter-output>
        </test-method> <!-- runScenario -->
        <test-method signature="runScenario(io.cucumber.testng.PickleWrapper,io.cucumber.testng.FeatureWrapper)[pri:0, instance:execution.AmazonTestRunnerClass@7c37508a]" started-at="2023-09-13T11:18:18 IST" name="runScenario" description="Runs Cucumber Scenarios" data-provider="scenarios" finished-at="2023-09-13T11:18:29 IST" duration-ms="11270" status="PASS">
          <params>
            <param index="0">
              <value>
                <![CDATA["verify cart icon"]]>
              </value>
            </param>
            <param index="1">
              <value>
                <![CDATA["Home page functionality"]]>
              </value>
            </param>
          </params>
          <reporter-output>
          </reporter-output>
        </test-method> <!-- runScenario -->
        <test-method signature="runScenario(io.cucumber.testng.PickleWrapper,io.cucumber.testng.FeatureWrapper)[pri:0, instance:execution.AmazonTestRunnerClass@7c37508a]" started-at="2023-09-13T11:18:29 IST" name="runScenario" description="Runs Cucumber Scenarios" data-provider="scenarios" finished-at="2023-09-13T11:18:53 IST" duration-ms="24182" status="PASS">
          <params>
            <param index="0">
              <value>
                <![CDATA["checkout deals section"]]>
              </value>
            </param>
            <param index="1">
              <value>
                <![CDATA["Home page functionality"]]>
              </value>
            </param>
          </params>
          <reporter-output>
          </reporter-output>
        </test-method> <!-- runScenario -->
        <test-method signature="runScenario(io.cucumber.testng.PickleWrapper,io.cucumber.testng.FeatureWrapper)[pri:0, instance:execution.AmazonTestRunnerClass@7c37508a]" started-at="2023-09-13T11:18:53 IST" name="runScenario" description="Runs Cucumber Scenarios" data-provider="scenarios" finished-at="2023-09-13T11:19:12 IST" duration-ms="18831" status="PASS">
          <params>
            <param index="0">
              <value>
                <![CDATA["login to application"]]>
              </value>
            </param>
            <param index="1">
              <value>
                <![CDATA["Home page functionality"]]>
              </value>
            </param>
          </params>
          <reporter-output>
          </reporter-output>
        </test-method> <!-- runScenario -->
        <test-method is-config="true" signature="tearDownClass()[pri:0, instance:execution.AmazonTestRunnerClass@7c37508a]" started-at="2023-09-13T11:19:12 IST" name="tearDownClass" finished-at="2023-09-13T11:19:12 IST" duration-ms="17" status="PASS">
          <reporter-output>
          </reporter-output>
        </test-method> <!-- tearDownClass -->
      </class> <!-- execution.AmazonTestRunnerClass -->
    </test> <!-- Default test -->
  </suite> <!-- Default suite -->
</testng-results>
