<?xml version="1.0" encoding="UTF-8"?>
<testng-results ignored="0" total="1" passed="1" failed="0" skipped="0">
  <reporter-output>
  </reporter-output>
  <suite started-at="2023-09-10T09:36:11 IST" name="Default suite" finished-at="2023-09-10T09:36:37 IST" duration-ms="25797">
    <groups>
      <group name="cucumber">
        <method signature="AbstractTestNGCucumberTests.runScenario(io.cucumber.testng.PickleWrapper,io.cucumber.testng.FeatureWrapper)[pri:0, instance:execution.AmazonFailedRunner@7c37508a]" name="runScenario" class="io.cucumber.testng.AbstractTestNGCucumberTests"/>
      </group> <!-- cucumber -->
    </groups>
    <test started-at="2023-09-10T09:36:11 IST" name="Default test" finished-at="2023-09-10T09:36:37 IST" duration-ms="25797">
      <class name="execution.AmazonFailedRunner">
        <test-method is-config="true" signature="setUpClass(org.testng.ITestContext)[pri:0, instance:execution.AmazonFailedRunner@7c37508a]" started-at="2023-09-10T09:36:11 IST" name="setUpClass" finished-at="2023-09-10T09:36:13 IST" duration-ms="1901" status="PASS">
          <params>
            <param index="0">
              <value>
                <![CDATA[org.testng.TestRunner@1fca53a7]]>
              </value>
            </param>
          </params>
          <reporter-output>
          </reporter-output>
        </test-method> <!-- setUpClass -->
        <test-method signature="runScenario(io.cucumber.testng.PickleWrapper,io.cucumber.testng.FeatureWrapper)[pri:0, instance:execution.AmazonFailedRunner@7c37508a]" started-at="2023-09-10T09:36:13 IST" name="runScenario" description="Runs Cucumber Scenarios" data-provider="scenarios" finished-at="2023-09-10T09:36:32 IST" duration-ms="18628" status="PASS">
          <params>
            <param index="0">
              <value>
                <![CDATA["login to application"]]>
              </value>
            </param>
            <param index="1">
              <value>
                <![CDATA["Home page functionality"]]>
              </value>
            </param>
          </params>
          <reporter-output>
          </reporter-output>
        </test-method> <!-- runScenario -->
        <test-method is-config="true" signature="tearDownClass()[pri:0, instance:execution.AmazonFailedRunner@7c37508a]" started-at="2023-09-10T09:36:32 IST" name="tearDownClass" finished-at="2023-09-10T09:36:37 IST" duration-ms="5164" status="PASS">
          <reporter-output>
          </reporter-output>
        </test-method> <!-- tearDownClass -->
      </class> <!-- execution.AmazonFailedRunner -->
    </test> <!-- Default test -->
  </suite> <!-- Default suite -->
</testng-results>
